  main.c
C:\Users\admin\Desktop\study\C\20240102_DataType\main.c(7,9): warning C4477: 'printf' : format string '%d' requires an argument of type 'int', but variadic argument 1 has type 'size_t'
  C:\Users\admin\Desktop\study\C\20240102_DataType\main.c(7,9):
  consider using '%zd' in the format string
  
C:\Users\admin\Desktop\study\C\20240102_DataType\main.c(11,9): warning C4477: 'printf' : format string '%d' requires an argument of type 'int', but variadic argument 1 has type 'size_t'
  C:\Users\admin\Desktop\study\C\20240102_DataType\main.c(11,9):
  consider using '%zd' in the format string
  
C:\Users\admin\Desktop\study\C\20240102_DataType\main.c(14,9): warning C4477: 'printf' : format string '%f' requires an argument of type 'double', but variadic argument 2 has type 'int'
C:\Users\admin\Desktop\study\C\20240102_DataType\main.c(17,9): warning C4477: 'printf' : format string '%d' requires an argument of type 'int', but variadic argument 1 has type 'double'
C:\Users\admin\Desktop\study\C\20240102_DataType\main.c(21,9): warning C4477: 'printf' : format string '%d' requires an argument of type 'int', but variadic argument 1 has type 'double'
C:\Users\admin\Desktop\study\C\20240102_DataType\main.c(22,9): warning C4477: 'printf' : format string '%d' requires an argument of type 'int', but variadic argument 1 has type 'double'
C:\Users\admin\Desktop\study\C\20240102_DataType\main.c(36,9): warning C4477: 'printf' : format string '%d' requires an argument of type 'int', but variadic argument 1 has type 'size_t'
  C:\Users\admin\Desktop\study\C\20240102_DataType\main.c(36,9):
  consider using '%zd' in the format string
  
C:\Users\admin\Desktop\study\C\20240102_DataType\main.c(39,9): warning C4477: 'printf' : format string '%d' requires an argument of type 'int', but variadic argument 1 has type 'size_t'
  C:\Users\admin\Desktop\study\C\20240102_DataType\main.c(39,9):
  consider using '%zd' in the format string
  
C:\Users\admin\Desktop\study\C\20240102_DataType\main.c(42,9): warning C4477: 'printf' : format string '%d' requires an argument of type 'int', but variadic argument 1 has type 'size_t'
  C:\Users\admin\Desktop\study\C\20240102_DataType\main.c(42,9):
  consider using '%zd' in the format string
  
C:\Users\admin\Desktop\study\C\20240102_DataType\main.c(45,9): warning C4477: 'printf' : format string '%d' requires an argument of type 'int', but variadic argument 1 has type 'size_t'
  C:\Users\admin\Desktop\study\C\20240102_DataType\main.c(45,9):
  consider using '%zd' in the format string
  
C:\Users\admin\Desktop\study\C\20240102_DataType\main.c(50,9): warning C4477: 'printf' : format string '%d' requires an argument of type 'int', but variadic argument 1 has type 'size_t'
  C:\Users\admin\Desktop\study\C\20240102_DataType\main.c(50,9):
  consider using '%zd' in the format string
  
C:\Users\admin\Desktop\study\C\20240102_DataType\main.c(56,6): warning C4244: '=': conversion from 'float' to 'int', possible loss of data
C:\Users\admin\Desktop\study\C\20240102_DataType\main.c(13,14): warning C4244: 'initializing': conversion from 'float' to 'int', possible loss of data
  20240102_DataType.vcxproj -> C:\Users\admin\Desktop\study\C\20240102_DataType\x64\Debug\20240102_DataType.exe
