Using pre-set license
Built from '2022.3/staging' branch; Version is '2022.3.19f1 (244b723c30a6) revision 2378610'; Using compiler version '192829333'; Build Type 'Release'
OS: 'Windows 10  (10.0.19045) 64bit Education' Language: 'ko' Physical Memory: 16334 MB
BatchMode: 1, IsHumanControllingUs: 0, StartBugReporterOnCrash: 0, Is64bit: 1, IsPro: 1

COMMAND LINE ARGUMENTS:
C:\Program Files\Unity\Editor\Editor\Unity.exe
-adb2
-batchMode
-noUpm
-name
AssetImportWorker0
-projectPath
D:/게임개발/예일/Unity/Shader
-logFile
Logs/AssetImportWorker0.log
-srvPort
1040
Successfully changed project path to: D:/게임개발/예일/Unity/Shader
D:/게임개발/예일/Unity/Shader
[UnityMemory] Configuration Parameters - Can be set up in boot.config
    "memorysetup-bucket-allocator-granularity=16"
    "memorysetup-bucket-allocator-bucket-count=8"
    "memorysetup-bucket-allocator-block-size=33554432"
    "memorysetup-bucket-allocator-block-count=8"
    "memorysetup-main-allocator-block-size=16777216"
    "memorysetup-thread-allocator-block-size=16777216"
    "memorysetup-gfx-main-allocator-block-size=16777216"
    "memorysetup-gfx-thread-allocator-block-size=16777216"
    "memorysetup-cache-allocator-block-size=4194304"
    "memorysetup-typetree-allocator-block-size=2097152"
    "memorysetup-profiler-bucket-allocator-granularity=16"
    "memorysetup-profiler-bucket-allocator-bucket-count=8"
    "memorysetup-profiler-bucket-allocator-block-size=33554432"
    "memorysetup-profiler-bucket-allocator-block-count=8"
    "memorysetup-profiler-allocator-block-size=16777216"
    "memorysetup-profiler-editor-allocator-block-size=1048576"
    "memorysetup-temp-allocator-size-main=16777216"
    "memorysetup-job-temp-allocator-block-size=2097152"
    "memorysetup-job-temp-allocator-block-size-background=1048576"
    "memorysetup-job-temp-allocator-reduction-small-platforms=262144"
    "memorysetup-allocator-temp-initial-block-size-main=262144"
    "memorysetup-allocator-temp-initial-block-size-worker=262144"
    "memorysetup-temp-allocator-size-background-worker=32768"
    "memorysetup-temp-allocator-size-job-worker=262144"
    "memorysetup-temp-allocator-size-preload-manager=33554432"
    "memorysetup-temp-allocator-size-nav-mesh-worker=65536"
    "memorysetup-temp-allocator-size-audio-worker=65536"
    "memorysetup-temp-allocator-size-cloud-worker=32768"
    "memorysetup-temp-allocator-size-gi-baking-worker=262144"
    "memorysetup-temp-allocator-size-gfx=262144"
Player connection [6648] Host "[IP] 192.168.55.123 [Port] 0 [Flags] 2 [Guid] 791066064 [EditorId] 791066064 [Version] 1048832 [Id] WindowsEditor(7,DESKTOP-GIE4TLN) [Debug] 1 [PackageName] WindowsEditor [ProjectName] Editor" joined multi-casting on [225.0.0.222:54997]...

Player connection [6648] Host "[IP] 192.168.55.123 [Port] 0 [Flags] 2 [Guid] 791066064 [EditorId] 791066064 [Version] 1048832 [Id] WindowsEditor(7,DESKTOP-GIE4TLN) [Debug] 1 [PackageName] WindowsEditor [ProjectName] Editor" joined alternative multi-casting on [225.0.0.222:34997]...

[Physics::Module] Initialized MultithreadedJobDispatcher with 11 workers.
Refreshing native plugins compatible for Editor in 5.93 ms, found 3 plugins.
Preloading 0 native plugins for Editor in 0.00 ms.
Initialize engine version: 2022.3.19f1 (244b723c30a6)
[Subsystems] Discovering subsystems at path C:/Program Files/Unity/Editor/Editor/Data/Resources/UnitySubsystems
[Subsystems] Discovering subsystems at path D:/게임개발/예일/Unity/Shader/Assets
GfxDevice: creating device client; threaded=0; jobified=0
Direct3D:
    Version:  Direct3D 11.0 [level 11.1]
    Renderer: NVIDIA GeForce RTX 3060 Ti (ID=0x2486)
    Vendor:   NVIDIA
    VRAM:     8038 MB
    Driver:   31.0.15.4601
Shader 'KCH/14_Wave': fallback shader 'Legacy Shaders/Transparent/Vertexlit' not found
Initialize mono
Mono path[0] = 'C:/Program Files/Unity/Editor/Editor/Data/Managed'
Mono path[1] = 'C:/Program Files/Unity/Editor/Editor/Data/MonoBleedingEdge/lib/mono/unityjit-win32'
Mono config path = 'C:/Program Files/Unity/Editor/Editor/Data/MonoBleedingEdge/etc'
Using monoOptions --debugger-agent=transport=dt_socket,embedding=1,server=y,suspend=n,address=127.0.0.1:56640
Begin MonoManager ReloadAssembly
Registering precompiled unity dll's ...
Register platform support module: C:/Program Files/Unity/Editor/Editor/Data/PlaybackEngines/iOSSupport/UnityEditor.iOS.Extensions.dll
Register platform support module: C:/Program Files/Unity/Editor/Editor/Data/PlaybackEngines/WindowsStandaloneSupport/UnityEditor.WindowsStandalone.Extensions.dll
Registered in 0.012468 seconds.
- Loaded All Assemblies, in  0.390 seconds
Native extension for WindowsStandalone target not found
[usbmuxd] Start listen thread
[usbmuxd] Listen thread started
Native extension for iOS target not found
Mono: successfully reloaded assembly
- Finished resetting the current domain, in  0.272 seconds
Domain Reload Profiling: 660ms
	BeginReloadAssembly (111ms)
		ExecutionOrderSort (0ms)
		DisableScriptedObjects (0ms)
		BackupInstance (0ms)
		ReleaseScriptingObjects (0ms)
		CreateAndSetChildDomain (1ms)
	RebuildCommonClasses (34ms)
	RebuildNativeTypeToScriptingClass (11ms)
	initialDomainReloadingComplete (64ms)
	LoadAllAssembliesAndSetupDomain (167ms)
		LoadAssemblies (109ms)
		RebuildTransferFunctionScriptingTraits (0ms)
		AnalyzeDomain (165ms)
			TypeCache.Refresh (164ms)
				TypeCache.ScanAssembly (150ms)
			ScanForSourceGeneratedMonoScriptInfo (0ms)
			ResolveRequiredComponents (1ms)
	FinalizeReload (272ms)
		ReleaseScriptCaches (0ms)
		RebuildScriptCaches (0ms)
		SetupLoadedEditorAssemblies (218ms)
			LogAssemblyErrors (0ms)
			InitializePlatformSupportModulesInManaged (32ms)
			SetLoadedEditorAssemblies (6ms)
			RefreshPlugins (0ms)
			BeforeProcessingInitializeOnLoad (3ms)
			ProcessInitializeOnLoadAttributes (134ms)
			ProcessInitializeOnLoadMethodAttributes (44ms)
			AfterProcessingInitializeOnLoad (0ms)
			EditorAssembliesLoaded (0ms)
		ExecutionOrderSort2 (0ms)
		AwakeInstancesAfterBackupRestoration (0ms)
========================================================================
Worker process is ready to serve import requests
Begin MonoManager ReloadAssembly
- Loaded All Assemblies, in  0.617 seconds
Refreshing native plugins compatible for Editor in 2.22 ms, found 3 plugins.
Native extension for WindowsStandalone target not found
Native extension for iOS target not found
Package Manager log level set to [2]
[Package Manager] Server::EnsureServerProcessIsRunning -- launch failed, reason: Unity was launched with the -noUpm command-line argument
[Package Manager] UpmClient::Send -- Unable to send message (not connected to UPM process).
[Package Manager] Cannot connect to Unity Package Manager local server
Mono: successfully reloaded assembly
- Finished resetting the current domain, in  0.555 seconds
Domain Reload Profiling: 1169ms
	BeginReloadAssembly (159ms)
		ExecutionOrderSort (0ms)
		DisableScriptedObjects (5ms)
		BackupInstance (0ms)
		ReleaseScriptingObjects (0ms)
		CreateAndSetChildDomain (20ms)
	RebuildCommonClasses (41ms)
	RebuildNativeTypeToScriptingClass (11ms)
	initialDomainReloadingComplete (42ms)
	LoadAllAssembliesAndSetupDomain (360ms)
		LoadAssemblies (286ms)
		RebuildTransferFunctionScriptingTraits (0ms)
		AnalyzeDomain (173ms)
			TypeCache.Refresh (153ms)
				TypeCache.ScanAssembly (139ms)
			ScanForSourceGeneratedMonoScriptInfo (15ms)
			ResolveRequiredComponents (4ms)
	FinalizeReload (555ms)
		ReleaseScriptCaches (0ms)
		RebuildScriptCaches (0ms)
		SetupLoadedEditorAssemblies (410ms)
			LogAssemblyErrors (0ms)
			InitializePlatformSupportModulesInManaged (21ms)
			SetLoadedEditorAssemblies (4ms)
			RefreshPlugins (0ms)
			BeforeProcessingInitializeOnLoad (58ms)
			ProcessInitializeOnLoadAttributes (298ms)
			ProcessInitializeOnLoadMethodAttributes (19ms)
			AfterProcessingInitializeOnLoad (9ms)
			EditorAssembliesLoaded (0ms)
		ExecutionOrderSort2 (0ms)
		AwakeInstancesAfterBackupRestoration (6ms)
Shader 'KCH/14_Wave': fallback shader 'Legacy Shaders/Transparent/Vertexlit' not found
Launched and connected shader compiler UnityShaderCompiler.exe after 0.05 seconds
Refreshing native plugins compatible for Editor in 2.77 ms, found 3 plugins.
Preloading 0 native plugins for Editor in 0.00 ms.
Unloading 3118 Unused Serialized files (Serialized files now loaded: 0)
Unloading 32 unused Assets / (57.0 KB). Loaded Objects now: 3583.
Memory consumption went from 136.8 MB to 136.8 MB.
Total: 3.788600 ms (FindLiveObjects: 0.426400 ms CreateObjectMapping: 0.099500 ms MarkObjects: 3.115400 ms  DeleteObjects: 0.146200 ms)

AssetImportParameters requested are different than current active one (requested -> active):
  custom:container-demuxer-ogg: 62fdf1f143b41e24485cea50d1cbac27 -> 
  custom:video-decoder-ogg-theora: a1e56fd34408186e4bbccfd4996cb3dc -> 
  custom:framework-win-MediaFoundation: 216162199b28c13a410421893ffa2e32 -> 
  custom:CustomObjectIndexerAttribute: 6d391050e5a25f67b0a2c618074f2cd9 -> 
  custom:container-demuxer-webm: 4f35f7cbe854078d1ac9338744f61a02 -> 
  custom:container-muxer-webm: aa71ff27fc2769a1b78a27578f13a17b -> 
  custom:video-decoder-webm-vp8: 9c59270c3fd7afecdb556c50c9e8de78 -> 
  custom:SearchIndexIgnoredProperties: e643bd26f0fe6173181afceb89e7c659 -> 
  custom:AudioImporter_EditorPlatform: d09bf68614088b80899f8185d706f6e7 -> 
  custom:video-encoder-webm-vp8: eb34c28f22e8b96e1ab97ce403110664 -> 
  custom:audio-decoder-ogg-vorbis: bf7c407c2cedff20999df2af8eb42d56 -> 
  custom:audio-encoder-webm-vorbis: bf7c407c2cedff20999df2af8eb42d56 -> 
========================================================================
Received Import Request.
  Time since last request: 296495.949460 seconds.
  path: Assets/Scripts
  artifactKey: Guid(8ef66105010db254f931d1c3a45f9797) Importer(815301076,1909f56bfc062723c751e8b465ee728b)
Start importing Assets/Scripts using Guid(8ef66105010db254f931d1c3a45f9797) Importer(815301076,1909f56bfc062723c751e8b465ee728b)  -> (artifact id: 'de77e3be01b11ad60e733c869e9fda62') in 0.003754 seconds
Number of updated asset objects reloaded before import = 0
Number of asset objects unloaded after import = 0
========================================================================
Received Import Request.
  Time since last request: 0.000027 seconds.
  path: Assets/Scenes
  artifactKey: Guid(7a9fd21151c12844c81b4e5908f3d935) Importer(815301076,1909f56bfc062723c751e8b465ee728b)
Start importing Assets/Scenes using Guid(7a9fd21151c12844c81b4e5908f3d935) Importer(815301076,1909f56bfc062723c751e8b465ee728b)  -> (artifact id: '837d7f5a4ea8a0e30ec71cd43052e7de') in 0.000494 seconds
Number of updated asset objects reloaded before import = 0
Number of asset objects unloaded after import = 0
========================================================================
Received Import Request.
  Time since last request: 0.843914 seconds.
  path: Assets/Scenes/SampleScene.unity
  artifactKey: Guid(9fc0d4010bbf28b4594072e72b8655ab) Importer(815301076,1909f56bfc062723c751e8b465ee728b)
Start importing Assets/Scenes/SampleScene.unity using Guid(9fc0d4010bbf28b4594072e72b8655ab) Importer(815301076,1909f56bfc062723c751e8b465ee728b)  -> (artifact id: '3e86ec599dc60ef0ab31348e747ecf5c') in 0.000401 seconds
Number of updated asset objects reloaded before import = 0
Number of asset objects unloaded after import = 0
========================================================================
Received Import Request.
  Time since last request: 56.034785 seconds.
  path: Assets/Textures/sonic.jpg
  artifactKey: Guid(f1103788deef5764383d088d5ad8367b) Importer(815301076,1909f56bfc062723c751e8b465ee728b)
Start importing Assets/Textures/sonic.jpg using Guid(f1103788deef5764383d088d5ad8367b) Importer(815301076,1909f56bfc062723c751e8b465ee728b)  -> (artifact id: '688b2228eab1ededfaae6d2d6f12c94d') in 0.055425 seconds
Number of updated asset objects reloaded before import = 0
Number of asset objects unloaded after import = 2
========================================================================
Received Import Request.
  Time since last request: 0.000014 seconds.
  path: Assets/Textures/smoke.png
  artifactKey: Guid(6ac8aee98313af542b7308f8f868d51a) Importer(815301076,1909f56bfc062723c751e8b465ee728b)
Start importing Assets/Textures/smoke.png using Guid(6ac8aee98313af542b7308f8f868d51a) Importer(815301076,1909f56bfc062723c751e8b465ee728b)  -> (artifact id: 'edc7d2a69ce4385e67c70dbb720949c2') in 0.017544 seconds
Number of updated asset objects reloaded before import = 0
Number of asset objects unloaded after import = 2
========================================================================
Received Import Request.
  Time since last request: 20.543594 seconds.
  path: Assets/Textures/zelda_alpha.png
  artifactKey: Guid(b67cb42c1991d1844b08b0b869b1e8d5) Importer(815301076,1909f56bfc062723c751e8b465ee728b)
Start importing Assets/Textures/zelda_alpha.png using Guid(b67cb42c1991d1844b08b0b869b1e8d5) Importer(815301076,1909f56bfc062723c751e8b465ee728b)  -> (artifact id: 'e0637167ec28a706c82037391e705646') in 0.019602 seconds
Number of updated asset objects reloaded before import = 0
Number of asset objects unloaded after import = 2
========================================================================
Received Import Request.
  Time since last request: 0.000015 seconds.
  path: Assets/Textures/zelda_background.png
  artifactKey: Guid(7e5418abc812ba947bef5dddde0e62b8) Importer(815301076,1909f56bfc062723c751e8b465ee728b)
Start importing Assets/Textures/zelda_background.png using Guid(7e5418abc812ba947bef5dddde0e62b8) Importer(815301076,1909f56bfc062723c751e8b465ee728b)  -> (artifact id: 'ec7bb83643f83ec7e038c25b1c664f17') in 0.016989 seconds
Number of updated asset objects reloaded before import = 0
Number of asset objects unloaded after import = 2
========================================================================
Received Import Request.
  Time since last request: 27.366930 seconds.
  path: Assets/Textures/uv_checker.png
  artifactKey: Guid(f0d4b1337e42dd649a5226cd09598a0a) Importer(815301076,1909f56bfc062723c751e8b465ee728b)
Start importing Assets/Textures/uv_checker.png using Guid(f0d4b1337e42dd649a5226cd09598a0a) Importer(815301076,1909f56bfc062723c751e8b465ee728b)  -> (artifact id: '64b91bb1bd04b88db81a53fbb0e96e28') in 0.024368 seconds
Number of updated asset objects reloaded before import = 0
Number of asset objects unloaded after import = 2
========================================================================
Received Import Request.
  Time since last request: 882.193101 seconds.
  path: Assets/ShaderExample/03_UV
  artifactKey: Guid(8412ff38cf7251d4297b5810c55a97fa) Importer(815301076,1909f56bfc062723c751e8b465ee728b)
Start importing Assets/ShaderExample/03_UV using Guid(8412ff38cf7251d4297b5810c55a97fa) Importer(815301076,1909f56bfc062723c751e8b465ee728b)  -> (artifact id: '8bfdaf7d1051992045d31870058a0d0e') in 0.000578 seconds
Number of updated asset objects reloaded before import = 0
Number of asset objects unloaded after import = 0
========================================================================
Received Import Request.
  Time since last request: 1.132477 seconds.
  path: Assets/ShaderExample/03_UV/ShaderUV.shader
  artifactKey: Guid(3ba47de394b081c43a3542b58190894e) Importer(815301076,1909f56bfc062723c751e8b465ee728b)
Start importing Assets/ShaderExample/03_UV/ShaderUV.shader using Guid(3ba47de394b081c43a3542b58190894e) Importer(815301076,1909f56bfc062723c751e8b465ee728b)  -> (artifact id: 'dcbe074181e0ac94886e8250effab02b') in 0.000626 seconds
Number of updated asset objects reloaded before import = 0
Number of asset objects unloaded after import = 0
========================================================================
Received Import Request.
  Time since last request: 55.700332 seconds.
  path: Assets/ShaderExample/03_UV/ShaderUV.shader
  artifactKey: Guid(3ba47de394b081c43a3542b58190894e) Importer(815301076,1909f56bfc062723c751e8b465ee728b)
Start importing Assets/ShaderExample/03_UV/ShaderUV.shader using Guid(3ba47de394b081c43a3542b58190894e) Importer(815301076,1909f56bfc062723c751e8b465ee728b)  -> (artifact id: 'dbd0c8bf8dcf71c3a283be23ad9660f6') in 0.000952 seconds
Number of updated asset objects reloaded before import = 1
Number of asset objects unloaded after import = 0
========================================================================
Received Import Request.
  Time since last request: 39.858702 seconds.
  path: Assets/Textures/fire.png
  artifactKey: Guid(8c433f7fb8b845a48b965d5f2f25bbc8) Importer(815301076,1909f56bfc062723c751e8b465ee728b)
Start importing Assets/Textures/fire.png using Guid(8c433f7fb8b845a48b965d5f2f25bbc8) Importer(815301076,1909f56bfc062723c751e8b465ee728b)  -> (artifact id: '773b497bd2f18b20543e1c954eb6af90') in 0.029567 seconds
Number of updated asset objects reloaded before import = 1
Number of asset objects unloaded after import = 2
========================================================================
Received Import Request.
  Time since last request: 10.342874 seconds.
  path: Assets/ShaderExample/03_FireEffect/ShaderFireEffect.shader
  artifactKey: Guid(0432814a9eff28a41a6ade8f9aae93ec) Importer(815301076,1909f56bfc062723c751e8b465ee728b)
Start importing Assets/ShaderExample/03_FireEffect/ShaderFireEffect.shader using Guid(0432814a9eff28a41a6ade8f9aae93ec) Importer(815301076,1909f56bfc062723c751e8b465ee728b)  -> (artifact id: 'ec0fe2ff6361131b53610249840357cd') in 0.000619 seconds
Number of updated asset objects reloaded before import = 0
Number of asset objects unloaded after import = 0
========================================================================
Received Import Request.
  Time since last request: 63.890815 seconds.
  path: Assets/Zombie/Textures/Zombie_nm.png
  artifactKey: Guid(decb53c07686cc94b860f8e04d438d22) Importer(815301076,1909f56bfc062723c751e8b465ee728b)
Start importing Assets/Zombie/Textures/Zombie_nm.png using Guid(decb53c07686cc94b860f8e04d438d22) Importer(815301076,1909f56bfc062723c751e8b465ee728b)  -> (artifact id: '607992d1523a310915e3222b22da5326') in 0.043513 seconds
Number of updated asset objects reloaded before import = 0
Number of asset objects unloaded after import = 2
========================================================================
Received Import Request.
  Time since last request: 15.949765 seconds.
  path: Assets/Zombie/Textures/Zombie.tga
  artifactKey: Guid(6291fbf5d0e7c4642ad863eaf8b60622) Importer(815301076,1909f56bfc062723c751e8b465ee728b)
Start importing Assets/Zombie/Textures/Zombie.tga using Guid(6291fbf5d0e7c4642ad863eaf8b60622) Importer(815301076,1909f56bfc062723c751e8b465ee728b)  -> (artifact id: '4e1542c64dafcccab76831ca9d57bcbb') in 0.018323 seconds
Number of updated asset objects reloaded before import = 0
Number of asset objects unloaded after import = 2
========================================================================
Received Import Request.
  Time since last request: 105.892547 seconds.
  path: Assets/ShaderExample/07_Fresnel/ShaderFresnel.shader
  artifactKey: Guid(7890d11287943604585aeed19403ccdf) Importer(815301076,1909f56bfc062723c751e8b465ee728b)
Start importing Assets/ShaderExample/07_Fresnel/ShaderFresnel.shader using Guid(7890d11287943604585aeed19403ccdf) Importer(815301076,1909f56bfc062723c751e8b465ee728b)  -> (artifact id: '2350e59cb2deb74f68662f85f8fc1ae2') in 0.000654 seconds
Number of updated asset objects reloaded before import = 0
Number of asset objects unloaded after import = 0
========================================================================
Received Import Request.
  Time since last request: 2979.061542 seconds.
  path: Assets/ShaderExample/07_Fresnel/ShaderHologram.shader
  artifactKey: Guid(177a5927162a059438c64a82f147ae72) Importer(815301076,1909f56bfc062723c751e8b465ee728b)
Start importing Assets/ShaderExample/07_Fresnel/ShaderHologram.shader using Guid(177a5927162a059438c64a82f147ae72) Importer(815301076,1909f56bfc062723c751e8b465ee728b)  -> (artifact id: 'fe9f0cc8fe4048c2d838bfc829b3fbb4') in 0.000820 seconds
Number of updated asset objects reloaded before import = 0
Number of asset objects unloaded after import = 0
========================================================================
Received Import Request.
  Time since last request: 77.239132 seconds.
  path: Assets/Zombie/Textures/zombie_emission.tga
  artifactKey: Guid(d681134af7b3e50479d8d90effa0e1eb) Importer(815301076,1909f56bfc062723c751e8b465ee728b)
Start importing Assets/Zombie/Textures/zombie_emission.tga using Guid(d681134af7b3e50479d8d90effa0e1eb) Importer(815301076,1909f56bfc062723c751e8b465ee728b)  -> (artifact id: '42b863fd3bd12d976b3862a649855ecd') in 0.028738 seconds
Number of updated asset objects reloaded before import = 0
Number of asset objects unloaded after import = 2
========================================================================
Received Import Request.
  Time since last request: 0.000019 seconds.
  path: Assets/Zombie/Textures/Zombie_metallic.tga
  artifactKey: Guid(33de7c829c3a0224c8975ad93b61b05e) Importer(815301076,1909f56bfc062723c751e8b465ee728b)
Start importing Assets/Zombie/Textures/Zombie_metallic.tga using Guid(33de7c829c3a0224c8975ad93b61b05e) Importer(815301076,1909f56bfc062723c751e8b465ee728b)  -> (artifact id: '304648d60480af32ab9ab4115e562b3c') in 0.017874 seconds
Number of updated asset objects reloaded before import = 0
Number of asset objects unloaded after import = 2
========================================================================
Received Import Request.
  Time since last request: 0.591484 seconds.
  path: Assets/Zombie/Textures/Zombie_ao.png
  artifactKey: Guid(4ef3438267568cd40b87841c3e2c22c5) Importer(815301076,1909f56bfc062723c751e8b465ee728b)
Start importing Assets/Zombie/Textures/Zombie_ao.png using Guid(4ef3438267568cd40b87841c3e2c22c5) Importer(815301076,1909f56bfc062723c751e8b465ee728b)  -> (artifact id: '757af60789a796c7ef9fc2bf7d2b74fb') in 0.017174 seconds
Number of updated asset objects reloaded before import = 0
Number of asset objects unloaded after import = 2
========================================================================
Received Import Request.
  Time since last request: 0.020169 seconds.
  path: Assets/Textures/water01.gif
  artifactKey: Guid(76bce48cd008a8d46a9bf3f026b24edb) Importer(815301076,1909f56bfc062723c751e8b465ee728b)
Start importing Assets/Textures/water01.gif using Guid(76bce48cd008a8d46a9bf3f026b24edb) Importer(815301076,1909f56bfc062723c751e8b465ee728b)  -> (artifact id: 'a5c761146ec5a5de1c653a20d7edcbc9') in 0.017311 seconds
Number of updated asset objects reloaded before import = 0
Number of asset objects unloaded after import = 2
========================================================================
Received Import Request.
  Time since last request: 0.000015 seconds.
  path: Assets/Textures/water02.gif
  artifactKey: Guid(3f04eca4a6a58ad40ab0ed0fe1ec1703) Importer(815301076,1909f56bfc062723c751e8b465ee728b)
Start importing Assets/Textures/water02.gif using Guid(3f04eca4a6a58ad40ab0ed0fe1ec1703) Importer(815301076,1909f56bfc062723c751e8b465ee728b)  -> (artifact id: '5bd8adde0f5a205334d163eef98c1918') in 0.018303 seconds
Number of updated asset objects reloaded before import = 0
Number of asset objects unloaded after import = 2
========================================================================
Received Import Request.
  Time since last request: 0.399557 seconds.
  path: Assets/Textures/stone 1.jpg
  artifactKey: Guid(bf45e8049df40164393d49e84b71dcab) Importer(815301076,1909f56bfc062723c751e8b465ee728b)
Start importing Assets/Textures/stone 1.jpg using Guid(bf45e8049df40164393d49e84b71dcab) Importer(815301076,1909f56bfc062723c751e8b465ee728b)  -> (artifact id: '3e625520b9bc0053e685658cf1778ea7') in 0.017422 seconds
Number of updated asset objects reloaded before import = 0
Number of asset objects unloaded after import = 2
========================================================================
Received Import Request.
  Time since last request: 0.000014 seconds.
  path: Assets/Textures/stone.jpg
  artifactKey: Guid(44e74c5c2fdd7494fa02e64d32eea96b) Importer(815301076,1909f56bfc062723c751e8b465ee728b)
Start importing Assets/Textures/stone.jpg using Guid(44e74c5c2fdd7494fa02e64d32eea96b) Importer(815301076,1909f56bfc062723c751e8b465ee728b)  -> (artifact id: '1b2bb3a50177260119abfc8bc0afb4c8') in 0.017856 seconds
Number of updated asset objects reloaded before import = 0
Number of asset objects unloaded after import = 2
========================================================================
Received Import Request.
  Time since last request: 0.001127 seconds.
  path: Assets/Textures/shockwave.png
  artifactKey: Guid(d7786d0d08e35d149be8905955f5a685) Importer(815301076,1909f56bfc062723c751e8b465ee728b)
Start importing Assets/Textures/shockwave.png using Guid(d7786d0d08e35d149be8905955f5a685) Importer(815301076,1909f56bfc062723c751e8b465ee728b)  -> (artifact id: 'a40c214be39555a44b3ab56a7a7a4630') in 0.018112 seconds
Number of updated asset objects reloaded before import = 0
Number of asset objects unloaded after import = 2
========================================================================
Received Import Request.
  Time since last request: 0.000116 seconds.
  path: Assets/Textures/ROCKY_GROUND_NORM.png
  artifactKey: Guid(314fd03b7665e4c4f9322e7c93b1ca4d) Importer(815301076,1909f56bfc062723c751e8b465ee728b)
Start importing Assets/Textures/ROCKY_GROUND_NORM.png using Guid(314fd03b7665e4c4f9322e7c93b1ca4d) Importer(815301076,1909f56bfc062723c751e8b465ee728b)  -> (artifact id: '64495aa693a63357271a70550a513d59') in 0.020175 seconds
Number of updated asset objects reloaded before import = 0
Number of asset objects unloaded after import = 2
========================================================================
Received Import Request.
  Time since last request: 0.000044 seconds.
  path: Assets/Textures/ROCKY_GROUND_DIFF.png
  artifactKey: Guid(fe6e6d9f1a2671e40909f9e7e99e6090) Importer(815301076,1909f56bfc062723c751e8b465ee728b)
Start importing Assets/Textures/ROCKY_GROUND_DIFF.png using Guid(fe6e6d9f1a2671e40909f9e7e99e6090) Importer(815301076,1909f56bfc062723c751e8b465ee728b)  -> (artifact id: '591687771e7814e1f2fff097af2efaf0') in 0.017942 seconds
Number of updated asset objects reloaded before import = 0
Number of asset objects unloaded after import = 2
========================================================================
Received Import Request.
  Time since last request: 0.187608 seconds.
  path: Assets/Scenes/SampleScene/ReflectionProbe-0.exr
  artifactKey: Guid(14b6d9b7124504e46a5869c6f9a97c1f) Importer(815301076,1909f56bfc062723c751e8b465ee728b)
Start importing Assets/Scenes/SampleScene/ReflectionProbe-0.exr using Guid(14b6d9b7124504e46a5869c6f9a97c1f) Importer(815301076,1909f56bfc062723c751e8b465ee728b)  -> (artifact id: '40d163576c657f59bed9046125b00dcf') in 0.034947 seconds
Number of updated asset objects reloaded before import = 0
Number of asset objects unloaded after import = 1
========================================================================
Received Import Request.
  Time since last request: 0.000016 seconds.
  path: Assets/Textures/P6_check.jpg
  artifactKey: Guid(cda1405c61afd864988f2c6295562f39) Importer(815301076,1909f56bfc062723c751e8b465ee728b)
Start importing Assets/Textures/P6_check.jpg using Guid(cda1405c61afd864988f2c6295562f39) Importer(815301076,1909f56bfc062723c751e8b465ee728b)  -> (artifact id: '655b2a0a388c9a7e6123e53ad6324cd5') in 0.017736 seconds
Number of updated asset objects reloaded before import = 0
Number of asset objects unloaded after import = 2
========================================================================
Received Import Request.
  Time since last request: 0.000014 seconds.
  path: Assets/Textures/noise2.png
  artifactKey: Guid(a5163a25340c57a44aaa6c2c722016cb) Importer(815301076,1909f56bfc062723c751e8b465ee728b)
Start importing Assets/Textures/noise2.png using Guid(a5163a25340c57a44aaa6c2c722016cb) Importer(815301076,1909f56bfc062723c751e8b465ee728b)  -> (artifact id: 'cf33d63942f64f14a56a9c378d5e76d0') in 0.018738 seconds
Number of updated asset objects reloaded before import = 0
Number of asset objects unloaded after import = 2
========================================================================
Received Import Request.
  Time since last request: 0.000016 seconds.
  path: Assets/Textures/grass_alpha.png
  artifactKey: Guid(83201d492b1b6114e8c84723e5214213) Importer(815301076,1909f56bfc062723c751e8b465ee728b)
Start importing Assets/Textures/grass_alpha.png using Guid(83201d492b1b6114e8c84723e5214213) Importer(815301076,1909f56bfc062723c751e8b465ee728b)  -> (artifact id: '4ee58d341555d2f64c1c1238b4c2dc26') in 0.018819 seconds
Number of updated asset objects reloaded before import = 0
Number of asset objects unloaded after import = 2
========================================================================
Received Import Request.
  Time since last request: 0.000015 seconds.
  path: Assets/Textures/ROCKY_GROUND_AO.png
  artifactKey: Guid(45ec2bc961421144cb414adc0426ec7c) Importer(815301076,1909f56bfc062723c751e8b465ee728b)
Start importing Assets/Textures/ROCKY_GROUND_AO.png using Guid(45ec2bc961421144cb414adc0426ec7c) Importer(815301076,1909f56bfc062723c751e8b465ee728b)  -> (artifact id: '37cff8af9108ac7bf8c0b096ce427883') in 0.019109 seconds
Number of updated asset objects reloaded before import = 0
Number of asset objects unloaded after import = 2
========================================================================
Received Import Request.
  Time since last request: 0.000024 seconds.
  path: Assets/Textures/MaskMap.png
  artifactKey: Guid(8c06daab6df25a04b97005f298e29288) Importer(815301076,1909f56bfc062723c751e8b465ee728b)
Start importing Assets/Textures/MaskMap.png using Guid(8c06daab6df25a04b97005f298e29288) Importer(815301076,1909f56bfc062723c751e8b465ee728b)  -> (artifact id: '39bfa02cbfa8bf0b2a5dc983b12edb0f') in 0.017328 seconds
Number of updated asset objects reloaded before import = 0
Number of asset objects unloaded after import = 2
========================================================================
Received Import Request.
  Time since last request: 0.000016 seconds.
  path: Assets/Textures/ramp.png
  artifactKey: Guid(eb3ad75cc20cecf4aa1ffb6097dfbfe8) Importer(815301076,1909f56bfc062723c751e8b465ee728b)
Start importing Assets/Textures/ramp.png using Guid(eb3ad75cc20cecf4aa1ffb6097dfbfe8) Importer(815301076,1909f56bfc062723c751e8b465ee728b)  -> (artifact id: '67bc3669ba533627aedb013883b1cc6f') in 0.017193 seconds
Number of updated asset objects reloaded before import = 0
Number of asset objects unloaded after import = 2
========================================================================
Received Import Request.
  Time since last request: 0.000017 seconds.
  path: Assets/Textures/lego_mario.jpg
  artifactKey: Guid(82e51b8376506354eaa2955f2bef741b) Importer(815301076,1909f56bfc062723c751e8b465ee728b)
Start importing Assets/Textures/lego_mario.jpg using Guid(82e51b8376506354eaa2955f2bef741b) Importer(815301076,1909f56bfc062723c751e8b465ee728b)  -> (artifact id: '283a74f4627dbddad09d1869f77f4590') in 0.016788 seconds
Number of updated asset objects reloaded before import = 0
Number of asset objects unloaded after import = 2
========================================================================
Received Import Request.
  Time since last request: 0.085159 seconds.
  path: Assets/Textures/fire_field.jpg
  artifactKey: Guid(1ad6e9fbb79bb2c4586627a72b62f8bd) Importer(815301076,1909f56bfc062723c751e8b465ee728b)
Start importing Assets/Textures/fire_field.jpg using Guid(1ad6e9fbb79bb2c4586627a72b62f8bd) Importer(815301076,1909f56bfc062723c751e8b465ee728b)  -> (artifact id: 'fcb4cff5661daa24e3eb589c0fa32176') in 0.022193 seconds
Number of updated asset objects reloaded before import = 0
Number of asset objects unloaded after import = 2
========================================================================
Received Import Request.
  Time since last request: 0.000016 seconds.
  path: Assets/Textures/grass.jpg
  artifactKey: Guid(ed4b0c7f40eca014396daeaefc960c67) Importer(815301076,1909f56bfc062723c751e8b465ee728b)
Start importing Assets/Textures/grass.jpg using Guid(ed4b0c7f40eca014396daeaefc960c67) Importer(815301076,1909f56bfc062723c751e8b465ee728b)  -> (artifact id: 'b13ebf739e3e2468cf045628ebb6976b') in 0.019624 seconds
Number of updated asset objects reloaded before import = 0
Number of asset objects unloaded after import = 2
========================================================================
Received Import Request.
  Time since last request: 0.000015 seconds.
  path: Assets/Textures/dot.tga
  artifactKey: Guid(2c51c29247e52cd47893f7adc2b0817f) Importer(815301076,1909f56bfc062723c751e8b465ee728b)
Start importing Assets/Textures/dot.tga using Guid(2c51c29247e52cd47893f7adc2b0817f) Importer(815301076,1909f56bfc062723c751e8b465ee728b)  -> (artifact id: '95f608f3fb11e7b45998a3c5e8d02920') in 0.017745 seconds
Number of updated asset objects reloaded before import = 0
Number of asset objects unloaded after import = 2
========================================================================
Received Import Request.
  Time since last request: 0.000013 seconds.
  path: Assets/Textures/color.png
  artifactKey: Guid(6db0b0a8cfbeebf43aa9f60dcfe35fd8) Importer(815301076,1909f56bfc062723c751e8b465ee728b)
Start importing Assets/Textures/color.png using Guid(6db0b0a8cfbeebf43aa9f60dcfe35fd8) Importer(815301076,1909f56bfc062723c751e8b465ee728b)  -> (artifact id: 'e5246bf4d970c438d61fd6b6f2f9f05d') in 0.018230 seconds
Number of updated asset objects reloaded before import = 0
Number of asset objects unloaded after import = 2
========================================================================
Received Import Request.
  Time since last request: 236.253704 seconds.
  path: Assets/Zombie/Animations/Zombie@Z_Walk_InPlace.FBX
  artifactKey: Guid(165698eac7ca81041ad603fc5a3afa55) Importer(815301076,1909f56bfc062723c751e8b465ee728b)
Start importing Assets/Zombie/Animations/Zombie@Z_Walk_InPlace.FBX using Guid(165698eac7ca81041ad603fc5a3afa55) Importer(815301076,1909f56bfc062723c751e8b465ee728b)  -> (artifact id: '3b3da839e6ec9d4f99777f18d273eff4') in 0.553832 seconds
Number of updated asset objects reloaded before import = 0
Number of asset objects unloaded after import = 177
========================================================================
Received Import Request.
  Time since last request: 0.000017 seconds.
  path: Assets/Zombie/Animations/Zombie@Z_Walk1.FBX
  artifactKey: Guid(1d31b4476a14a0246b2e0f023e8877fe) Importer(815301076,1909f56bfc062723c751e8b465ee728b)
Start importing Assets/Zombie/Animations/Zombie@Z_Walk1.FBX using Guid(1d31b4476a14a0246b2e0f023e8877fe) Importer(815301076,1909f56bfc062723c751e8b465ee728b)  -> (artifact id: 'c8d8918e505dfeaebb80adf2732e4132') in 0.145766 seconds
Number of updated asset objects reloaded before import = 0
Number of asset objects unloaded after import = 172
========================================================================
Received Import Request.
  Time since last request: 0.000023 seconds.
  path: Assets/Zombie/Animations/Zombie@Z_Walk.FBX
  artifactKey: Guid(59dbfb66512f63c4eb6e1e30e0603198) Importer(815301076,1909f56bfc062723c751e8b465ee728b)
Start importing Assets/Zombie/Animations/Zombie@Z_Walk.FBX using Guid(59dbfb66512f63c4eb6e1e30e0603198) Importer(815301076,1909f56bfc062723c751e8b465ee728b)  -> (artifact id: 'bef4ebf74ef118775a5d6b5e2456c485') in 0.127680 seconds
Number of updated asset objects reloaded before import = 0
Number of asset objects unloaded after import = 172
========================================================================
Received Import Request.
  Time since last request: 0.000017 seconds.
  path: Assets/Zombie/Animations/Zombie@Z_Attack.FBX
  artifactKey: Guid(631762b9a30b33a42836730a6b37d13f) Importer(815301076,1909f56bfc062723c751e8b465ee728b)
Start importing Assets/Zombie/Animations/Zombie@Z_Attack.FBX using Guid(631762b9a30b33a42836730a6b37d13f) Importer(815301076,1909f56bfc062723c751e8b465ee728b)  -> (artifact id: 'fdae062040ae9875063d36b9649aa039') in 0.112592 seconds
Number of updated asset objects reloaded before import = 0
Number of asset objects unloaded after import = 172
========================================================================
Received Import Request.
  Time since last request: 0.000016 seconds.
  path: Assets/Zombie/Animations/Zombie@Z_Idle.FBX
  artifactKey: Guid(0d6373858f853604b960cf84b7d3dfbf) Importer(815301076,1909f56bfc062723c751e8b465ee728b)
Start importing Assets/Zombie/Animations/Zombie@Z_Idle.FBX using Guid(0d6373858f853604b960cf84b7d3dfbf) Importer(815301076,1909f56bfc062723c751e8b465ee728b)  -> (artifact id: '3bc5eaa86d0987aed2bbefe94f6252b9') in 0.113578 seconds
Number of updated asset objects reloaded before import = 0
Number of asset objects unloaded after import = 172
========================================================================
Received Import Request.
  Time since last request: 0.000022 seconds.
  path: Assets/Zombie/FBXs/Zombie1.FBX
  artifactKey: Guid(8f7380da49034cd488ddff94b1ac35d1) Importer(815301076,1909f56bfc062723c751e8b465ee728b)
Start importing Assets/Zombie/FBXs/Zombie1.FBX using Guid(8f7380da49034cd488ddff94b1ac35d1) Importer(815301076,1909f56bfc062723c751e8b465ee728b)  -> (artifact id: 'c3f6f3bbb9988b4fa6fd24d67fdafa87') in 0.118165 seconds
Number of updated asset objects reloaded before import = 0
Number of asset objects unloaded after import = 179
========================================================================
Received Import Request.
  Time since last request: 0.000015 seconds.
  path: Assets/Zombie/Animations/Zombie@Z_Run_InPlace.FBX
  artifactKey: Guid(79969b20b5ba62e499ee433a4dd38701) Importer(815301076,1909f56bfc062723c751e8b465ee728b)
Start importing Assets/Zombie/Animations/Zombie@Z_Run_InPlace.FBX using Guid(79969b20b5ba62e499ee433a4dd38701) Importer(815301076,1909f56bfc062723c751e8b465ee728b)  -> (artifact id: '1feb8ff784347660ae1f9ad7286a286e') in 0.111386 seconds
Number of updated asset objects reloaded before import = 0
Number of asset objects unloaded after import = 172
========================================================================
Received Import Request.
  Time since last request: 0.000016 seconds.
  path: Assets/Zombie/FBXs/Zombie2.FBX
  artifactKey: Guid(6a28a82791e0b224081a04d42d031ccf) Importer(815301076,1909f56bfc062723c751e8b465ee728b)
Start importing Assets/Zombie/FBXs/Zombie2.FBX using Guid(6a28a82791e0b224081a04d42d031ccf) Importer(815301076,1909f56bfc062723c751e8b465ee728b)  -> (artifact id: 'f8944362f8c313938c5eaba212e98554') in 0.032828 seconds
Number of updated asset objects reloaded before import = 0
Number of asset objects unloaded after import = 129
========================================================================
Received Import Request.
  Time since last request: 0.365847 seconds.
  path: Assets/Zombie/Animations/Zombie@Z_Run.FBX
  artifactKey: Guid(55edd2c9d257d3f4481dfd16015bf8c1) Importer(815301076,1909f56bfc062723c751e8b465ee728b)
Start importing Assets/Zombie/Animations/Zombie@Z_Run.FBX using Guid(55edd2c9d257d3f4481dfd16015bf8c1) Importer(815301076,1909f56bfc062723c751e8b465ee728b)  -> (artifact id: '8fec6cf73440fcf2311471c4ae717231') in 0.128834 seconds
Number of updated asset objects reloaded before import = 0
Number of asset objects unloaded after import = 172
========================================================================
Received Import Request.
  Time since last request: 0.000022 seconds.
  path: Assets/Zombie/Animations/Zombie@Z_Walk1_InPlace.FBX
  artifactKey: Guid(3fa7045af54b82c47852949257d136c7) Importer(815301076,1909f56bfc062723c751e8b465ee728b)
Start importing Assets/Zombie/Animations/Zombie@Z_Walk1_InPlace.FBX using Guid(3fa7045af54b82c47852949257d136c7) Importer(815301076,1909f56bfc062723c751e8b465ee728b)  -> (artifact id: '8198daa63906e57f86aeb62c7d8ab662') in 0.122280 seconds
Number of updated asset objects reloaded before import = 0
Number of asset objects unloaded after import = 172
========================================================================
Received Import Request.
  Time since last request: 12.609203 seconds.
  path: Assets/Zombie/Animations/Zombie@Z_FallingForward.FBX
  artifactKey: Guid(d870b4f0cba458640b29cda304d40186) Importer(815301076,1909f56bfc062723c751e8b465ee728b)
Start importing Assets/Zombie/Animations/Zombie@Z_FallingForward.FBX using Guid(d870b4f0cba458640b29cda304d40186) Importer(815301076,1909f56bfc062723c751e8b465ee728b)  -> (artifact id: '09a3040be6332088b424d6cdcb5856df') in 0.026884 seconds
Number of updated asset objects reloaded before import = 0
Number of asset objects unloaded after import = 120
========================================================================
Received Import Request.
  Time since last request: 0.000015 seconds.
  path: Assets/Zombie/FBXs/Zombie3.FBX
  artifactKey: Guid(a1b4b8144e2a4054199287da62cdd0da) Importer(815301076,1909f56bfc062723c751e8b465ee728b)
Start importing Assets/Zombie/FBXs/Zombie3.FBX using Guid(a1b4b8144e2a4054199287da62cdd0da) Importer(815301076,1909f56bfc062723c751e8b465ee728b)  -> (artifact id: '27a9f17f38c93b08d0813d6077fd255c') in 0.022853 seconds
Number of updated asset objects reloaded before import = 0
Number of asset objects unloaded after import = 125
========================================================================
Received Import Request.
  Time since last request: 0.000017 seconds.
  path: Assets/Zombie/Animations/Zombie@Z_FallingBack.FBX
  artifactKey: Guid(857241dcf6bb2ea45a0b3f46d78f44b5) Importer(815301076,1909f56bfc062723c751e8b465ee728b)
Start importing Assets/Zombie/Animations/Zombie@Z_FallingBack.FBX using Guid(857241dcf6bb2ea45a0b3f46d78f44b5) Importer(815301076,1909f56bfc062723c751e8b465ee728b)  -> (artifact id: '06f9d258ea2ebd2334e9047e2fadd457') in 0.024698 seconds
Number of updated asset objects reloaded before import = 0
Number of asset objects unloaded after import = 120
